<?xml version="1.0" encoding="UTF-8"?>
<!-- Generated by org.testng.reporters.JUnitReportReporter -->
<testsuite hostname="Ranjeet-MacBook-Pro.local" failures="0" tests="1" name="testCases.TC01_AccountRegistrationTest" time="4.826" errors="0" timestamp="2025-01-27T11:25:55 IST" skipped="0">
  <testcase classname="testCases.TC01_AccountRegistrationTest" name="Verifry_Account_Registration" time="4.826"/>
</testsuite> <!-- testCases.TC01_AccountRegistrationTest -->
